<?xml version="1.0" encoding="UTF-8"?>
<!-- Generated by org.testng.reporters.JUnitReportReporter -->
<testsuite hostname="TestingWorld-PC" name="testcases.TC_003" tests="1" failures="0" timestamp="13 Feb 2016 10:14:40 GMT" time="55.026" errors="0">
  <testcase name="testUntitled" time="55.026" classname="testcases.TC_003"/>
</testsuite> <!-- testcases.TC_003 -->
